<?xml version="1.0" encoding="UTF-8"?>
<!-- Generated by org.testng.reporters.JUnitReportReporter -->
<testsuite hostname="DESKTOP-OOGFBCP" failures="0" tests="1" name="runnerFile.RegressionRunner" time="27.466" errors="0" timestamp="07 Jan 2022 13:27:11 GMT" skipped="0">
  <testcase classname="runnerFile.RegressionRunner" name="feature" time="27.466"/>
</testsuite> <!-- runnerFile.RegressionRunner -->
