<?xml version="1.0" encoding="UTF-8"?>
<!-- Generated by org.testng.reporters.JUnitReportReporter -->
<testsuite hostname="DESKTOP-OOGFBCP" failures="0" tests="1" name="runnerFile.FailedRunner" time="19.455" errors="0" timestamp="01 Jan 2022 16:46:10 GMT" skipped="0">
  <testcase classname="runnerFile.FailedRunner" name="feature" time="19.455"/>
</testsuite> <!-- runnerFile.FailedRunner -->
