<?xml version="1.0" encoding="UTF-8"?>
<!-- Generated by org.testng.reporters.JUnitReportReporter -->
<testsuite hostname="DESKTOP-OOGFBCP" failures="0" tests="1" name="runnerFile.FailedRunner" time="8.428" errors="0" timestamp="23 Jun 2021 18:07:29 GMT">
  <testcase classname="runnerFile.FailedRunner" name="feature" time="8.428"/>
</testsuite> <!-- runnerFile.FailedRunner -->
