<?xml version="1.0" encoding="UTF-8"?>
<!-- Generated by org.testng.reporters.JUnitReportReporter -->
<testsuite hostname="DESKTOP-OOGFBCP" failures="0" tests="1" name="runnerFile.RegressionRunner" time="38.340" errors="0" timestamp="14 Oct 2021 12:08:04 GMT" skipped="0">
  <testcase classname="runnerFile.RegressionRunner" name="feature" time="38.340"/>
</testsuite> <!-- runnerFile.RegressionRunner -->
